\BOOKMARK [0][-]{chapter.1}{\376\377\000D\000o\000c\000u\000m\000e\000n\000t\000a\000c\000i\000\363\000n\000\040\000e\000n\000\040\000o\000t\000r\000o\000s\000\040\000i\000d\000i\000o\000m\000a\000s}{}% 1
\BOOKMARK [0][-]{chapter.2}{\376\377\000D\000e\000s\000c\000a\000r\000g\000a\000\040\000d\000e\000l\000\040\000c\000\363\000d\000i\000g\000o}{}% 2
\BOOKMARK [0][-]{chapter.3}{\376\377\000L\000i\000s\000t\000a\000d\000o\000\040\000d\000e\000\040\000e\000j\000e\000m\000p\000l\000o\000s\000\040\000i\000n\000c\000l\000u\000i\000d\000o\000s}{}% 3
\BOOKMARK [0][-]{chapter.4}{\376\377\000C\000o\000n\000f\000i\000g\000u\000r\000a\000c\000i\000\363\000n\000\040\000d\000e\000l\000\040\000P\000r\000o\000y\000e\000c\000t\000o\000\040\000d\000e\000\040\000K\000e\000i\000l}{}% 4
\BOOKMARK [1][-]{section.4.1}{\376\377\000U\000s\000o\000\040\000d\000e\000l\000\040\000s\000i\000m\000u\000l\000a\000d\000o\000r}{chapter.4}% 5
\BOOKMARK [1][-]{section.4.2}{\376\377\000U\000s\000o\000\040\000d\000e\000l\000\040\000h\000a\000r\000d\000w\000a\000r\000e}{chapter.4}% 6
\BOOKMARK [1][-]{section.4.3}{\376\377\000D\000e\000p\000u\000r\000a\000c\000i\000\363\000n\000\040\000d\000e\000\040\000a\000p\000l\000i\000c\000a\000c\000i\000o\000n\000e\000s\000\040\000u\000s\000a\000n\000d\000o\000\040\000C\000M\000S\000I\000S\000-\000R\000T\000O\000S\000\040\000V\0002}{chapter.4}% 7
\BOOKMARK [1][-]{section.4.4}{\376\377\000S\000y\000m\000b\000o\000l\000s\000\040\000W\000i\000n\000d\000o\000w}{chapter.4}% 8
\BOOKMARK [1][-]{section.4.5}{\376\377\000L\000o\000g\000i\000c\000\040\000A\000n\000a\000l\000y\000z\000e\000r}{chapter.4}% 9
\BOOKMARK [1][-]{section.4.6}{\376\377\000P\000e\000r\000f\000o\000r\000m\000a\000n\000c\000e\000\040\000A\000n\000a\000l\000y\000z\000e\000r}{chapter.4}% 10
\BOOKMARK [0][-]{chapter.5}{\376\377\000C\000\363\000d\000i\000g\000o\000\040\000e\000n\000\040\000m\000a\000i\000n\000.\000c\000\040\000d\000e\000\040\000l\000o\000s\000\040\000e\000j\000e\000m\000p\000l\000o\000s}{}% 11
\BOOKMARK [1][-]{section.5.1}{\376\377\000A\000l\000g\000u\000n\000o\000s\000\040\000d\000e\000t\000a\000l\000l\000e\000s\000\040\000i\000m\000p\000o\000r\000t\000a\000n\000t\000e\000s}{chapter.5}% 12
\BOOKMARK [0][-]{chapter.6}{\376\377\000U\000s\000o\000\040\000b\000\341\000s\000i\000c\000o\000\040\000d\000e\000\040\000u\000n\000\040\000t\000h\000r\000e\000a\000d\000\040\000e\000n\000\040\000C\000M\000S\000I\000S\000\040\000R\000T\000O\000S\000\040\000v\0002}{}% 13
\BOOKMARK [1][-]{section.6.1}{\376\377\000D\000e\000s\000c\000r\000i\000p\000c\000i\000\363\000n\000\040\000G\000e\000n\000e\000r\000a\000l\000\040\000d\000e\000\040\000e\000j\000e\000m\000p\000l\000o\000t\000h\000r\000e\000a\000d}{chapter.6}% 14
\BOOKMARK [1][-]{section.6.2}{\376\377\000E\000s\000t\000r\000u\000c\000t\000u\000r\000a\000\040\000d\000e\000\040\000D\000a\000t\000o\000s}{chapter.6}% 15
\BOOKMARK [1][-]{section.6.3}{\376\377\000I\000n\000i\000c\000i\000a\000l\000i\000z\000a\000c\000i\000\363\000n\000\040\000d\000e\000\040\000l\000o\000s\000\040\000h\000i\000l\000o\000s}{chapter.6}% 16
\BOOKMARK [1][-]{section.6.4}{\376\377\000F\000u\000n\000c\000i\000\363\000n\000\040\000d\000e\000l\000\040\000h\000i\000l\000o}{chapter.6}% 17
\BOOKMARK [1][-]{section.6.5}{\376\377\000U\000s\000o\000\040\000d\000e\000\040\000H\000A\000L\000\040\000y\000\040\000C\000M\000S\000I\000S\000\040\000R\000T\000O\000S}{chapter.6}% 18
\BOOKMARK [1][-]{section.6.6}{\376\377\000C\000\363\000d\000i\000g\000o\000\040\000F\000u\000e\000n\000t\000e}{chapter.6}% 19
\BOOKMARK [1][-]{section.6.7}{\376\377\000D\000e\000p\000e\000n\000d\000e\000n\000c\000i\000a\000s}{chapter.6}% 20
\BOOKMARK [1][-]{section.6.8}{\376\377\000P\000r\000e\000g\000u\000n\000t\000a\000s\000\040\000y\000\040\000r\000e\000s\000p\000u\000e\000s\000t\000a\000s\000\040\000s\000o\000b\000r\000e\000\040\000e\000j\000e\000m\000p\000l\000o\000t\000h\000r\000e\000a\000d}{chapter.6}% 21
\BOOKMARK [2][-]{subsection.6.8.1}{\376\377\000\277\000Q\000u\000\351\000\040\000h\000a\000c\000e\000\040\000e\000s\000t\000e\000\040\000c\000\363\000d\000i\000g\000o\000?}{section.6.8}% 22
\BOOKMARK [2][-]{subsection.6.8.2}{\376\377\000\277\000Q\000u\000\351\000\040\000e\000s\000\040\000l\000a\000\040\000e\000s\000t\000r\000u\000c\000t\000u\000r\000a\000\040\000m\000y\000g\000p\000i\000o\000\137\000p\000i\000n\000?}{section.6.8}% 23
\BOOKMARK [2][-]{subsection.6.8.3}{\376\377\000\277\000C\000\363\000m\000o\000\040\000s\000e\000\040\000i\000n\000i\000c\000i\000a\000l\000i\000z\000a\000\040\000e\000l\000\040\000h\000i\000l\000o\000?}{section.6.8}% 24
\BOOKMARK [2][-]{subsection.6.8.4}{\376\377\000\277\000Q\000u\000\351\000\040\000h\000a\000c\000e\000\040\000l\000a\000\040\000f\000u\000n\000c\000i\000\363\000n\000\040\000T\000h\000r\000e\000a\000d\000\050\000\051\000?}{section.6.8}% 25
\BOOKMARK [2][-]{subsection.6.8.5}{\376\377\000\277\000Q\000u\000\351\000\040\000s\000i\000g\000n\000i\000f\000i\000c\000a\000\040\000o\000s\000D\000e\000l\000a\000y\000\050\000\051\000?}{section.6.8}% 26
\BOOKMARK [2][-]{subsection.6.8.6}{\376\377\000\277\000Q\000u\000\351\000\040\000p\000a\000s\000a\000\040\000s\000i\000\040\000o\000s\000T\000h\000r\000e\000a\000d\000N\000e\000w\000\050\000\051\000\040\000d\000e\000v\000u\000e\000l\000v\000e\000\040\000N\000U\000L\000L\000?}{section.6.8}% 27
\BOOKMARK [2][-]{subsection.6.8.7}{\376\377\000\277\000Q\000u\000\351\000\040\000f\000i\000c\000h\000e\000r\000o\000s\000\040\000d\000e\000\040\000c\000a\000b\000e\000c\000e\000r\000a\000\040\000s\000e\000\040\000u\000t\000i\000l\000i\000z\000a\000n\000?}{section.6.8}% 28
\BOOKMARK [2][-]{subsection.6.8.8}{\376\377\000D\000e\000t\000e\000r\000m\000i\000n\000e\000\040\000l\000a\000\040\000c\000a\000r\000g\000a\000\040\000d\000e\000\040\000l\000a\000\040\000C\000P\000U\000\040\000e\000n\000\040\000e\000s\000t\000a\000\040\000a\000p\000l\000i\000c\000a\000c\000i\000\363\000n}{section.6.8}% 29
\BOOKMARK [0][-]{chapter.7}{\376\377\000U\000s\000o\000\040\000b\000\341\000s\000i\000c\000o\000\040\000d\000e\000\040\000t\000h\000r\000e\000a\000d\000s\000\040\000e\000n\000\040\000C\000M\000S\000I\000S\000\040\000R\000T\000O\000S\000\040\000v\0002}{}% 30
\BOOKMARK [1][-]{section.7.1}{\376\377\000D\000e\000s\000c\000r\000i\000p\000c\000i\000\363\000n\000\040\000G\000e\000n\000e\000r\000a\000l}{chapter.7}% 31
\BOOKMARK [1][-]{section.7.2}{\376\377\000E\000s\000t\000r\000u\000c\000t\000u\000r\000a\000\040\000m\000y\000g\000p\000i\000o\000\137\000p\000i\000n}{chapter.7}% 32
\BOOKMARK [1][-]{section.7.3}{\376\377\000I\000n\000i\000c\000i\000a\000l\000i\000z\000a\000c\000i\000\363\000n\000\040\000d\000e\000\040\000l\000o\000s\000\040\000t\000h\000r\000e\000a\000d\000s}{chapter.7}% 33
\BOOKMARK [1][-]{section.7.4}{\376\377\000T\000h\000r\000e\000a\000d\000\050\000\051}{chapter.7}% 34
\BOOKMARK [1][-]{section.7.5}{\376\377\000H\000A\000L\000\040\000y\000\040\000C\000M\000S\000I\000S\000\040\000R\000T\000O\000S}{chapter.7}% 35
\BOOKMARK [1][-]{section.7.6}{\376\377\000C\000\363\000d\000i\000g\000o}{chapter.7}% 36
\BOOKMARK [1][-]{section.7.7}{\376\377\000D\000e\000p\000e\000n\000d\000e\000n\000c\000i\000a\000s\000\040\000s\000o\000f\000t\000w\000a\000r\000e}{chapter.7}% 37
\BOOKMARK [1][-]{section.7.8}{\376\377\000P\000r\000e\000g\000u\000n\000t\000a\000s\000\040\000y\000\040\000r\000e\000s\000p\000u\000e\000s\000t\000a\000s\000\040\000s\000o\000b\000r\000e\000\040\000e\000j\000e\000m\000p\000l\000o\000t\000h\000r\000e\000a\000d\000s}{chapter.7}% 38
\BOOKMARK [2][-]{subsection.7.8.1}{\376\377\000\277\000Q\000u\000\351\000\040\000f\000u\000n\000c\000i\000\363\000n\000\040\000h\000a\000c\000e\000\040\000e\000s\000t\000e\000\040\000c\000\363\000d\000i\000g\000o\000?}{section.7.8}% 39
\BOOKMARK [2][-]{subsection.7.8.2}{\376\377\000\277\000Q\000u\000\351\000\040\000f\000u\000n\000c\000i\000\363\000n\000\040\000t\000i\000e\000n\000e\000\040\000m\000y\000g\000p\000i\000o\000\137\000p\000i\000n\000?}{section.7.8}% 40
\BOOKMARK [2][-]{subsection.7.8.3}{\376\377\000\277\000C\000\363\000m\000o\000\040\000s\000e\000\040\000i\000n\000i\000c\000i\000a\000l\000i\000z\000a\000n\000\040\000l\000o\000s\000\040\000h\000i\000l\000o\000s\000?}{section.7.8}% 41
\BOOKMARK [2][-]{subsection.7.8.4}{\376\377\000\277\000Q\000u\000\351\000\040\000f\000u\000n\000c\000i\000\363\000n\000\040\000t\000i\000e\000n\000e\000\272\000\040\000T\000h\000r\000e\000a\000d\000\050\000\051\000?}{section.7.8}% 42
\BOOKMARK [2][-]{subsection.7.8.5}{\376\377\000\277\000S\000e\000\040\000e\000j\000e\000c\000u\000t\000a\000n\000\040\000l\000o\000s\000\040\000h\000i\000l\000o\000s\000\040\000a\000l\000\040\000m\000i\000s\000m\000o\000\040\000t\000i\000e\000m\000p\000o\000?}{section.7.8}% 43
\BOOKMARK [2][-]{subsection.7.8.6}{\376\377\000\277\000Q\000u\000\351\000\040\000f\000u\000n\000c\000i\000\363\000n\000\040\000t\000i\000e\000n\000e\000\040\000o\000s\000D\000e\000l\000a\000y\000\050\000\051}{section.7.8}% 44
\BOOKMARK [2][-]{subsection.7.8.7}{\376\377\000\277\000Q\000u\000\351\000\040\000p\000a\000s\000a\000\040\000s\000i\000\040\000o\000s\000T\000h\000r\000e\000a\000d\000N\000e\000w\000\050\000\051\000\040\000r\000e\000t\000o\000r\000n\000a\000\040\000N\000U\000L\000L\000?}{section.7.8}% 45
\BOOKMARK [2][-]{subsection.7.8.8}{\376\377\000\277\000Q\000u\000\351\000\040\000i\000n\000c\000l\000u\000d\000e\000s\000\040\000s\000e\000\040\000u\000t\000i\000l\000i\000z\000a\000n\000?}{section.7.8}% 46
\BOOKMARK [2][-]{subsection.7.8.9}{\376\377\000\277\000C\000u\000a\000n\000t\000o\000\040\000v\000a\000l\000e\000\040\000e\000l\000\040\000v\000a\000l\000o\000r\000\040\000d\000e\000l\000\040\000t\000i\000c\000k\000\040\000e\000s\000\040\000e\000s\000t\000a\000\040\000a\000p\000l\000i\000c\000a\000c\000i\000\363\000n\000?}{section.7.8}% 47
\BOOKMARK [2][-]{subsection.7.8.10}{\376\377\000\277\000Q\000u\000e\000\040\000e\000s\000\040\000e\000l\000\040\000t\000h\000r\000e\000a\000d\000\040\000I\000d\000l\000e\000?\000\040\000\277\000Q\000u\000\351\000\040\000t\000a\000m\000a\000\361\000o\000\040\000d\000e\000\040\000s\000t\000a\000c\000k\000\040\000t\000i\000e\000n\000e\000?\000\040\000\277\000Y\000\040\000o\000t\000r\000o\000\040\000t\000h\000r\000e\000a\000d\000?\000\040\000\277\000Q\000u\000e\000\040\000t\000a\000m\000a\000\361\000o\000\040\000d\000e\000\040\000s\000t\000a\000c\000k\000\040\000u\000s\000a\000?}{section.7.8}% 48
\BOOKMARK [0][-]{chapter.8}{\376\377\000U\000s\000o\000\040\000b\000\341\000s\000i\000c\000o\000\040\000d\000e\000\040\000t\000h\000r\000e\000a\000d\000s\000\040\000y\000\040\000c\000o\000l\000a\000s\000\040\000e\000n\000\040\000C\000M\000S\000I\000S\000\040\000R\000T\000O\000S\000\040\000v\0002}{}% 49
\BOOKMARK [1][-]{section.8.1}{\376\377\000D\000e\000s\000c\000r\000i\000p\000c\000i\000\363\000n\000\040\000G\000e\000n\000e\000r\000a\000l}{chapter.8}% 50
\BOOKMARK [1][-]{section.8.2}{\376\377\000E\000s\000t\000r\000u\000c\000t\000u\000r\000a\000s\000\040\000d\000e\000\040\000D\000a\000t\000o\000s}{chapter.8}% 51
\BOOKMARK [1][-]{section.8.3}{\376\377\000C\000r\000e\000a\000c\000i\000\363\000n\000\040\000H\000i\000l\000o\000s}{chapter.8}% 52
\BOOKMARK [1][-]{section.8.4}{\376\377\000P\000r\000o\000d\000u\000c\000e\000r}{chapter.8}% 53
\BOOKMARK [1][-]{section.8.5}{\376\377\000C\000o\000n\000s\000u\000m\000e\000r}{chapter.8}% 54
\BOOKMARK [1][-]{section.8.6}{\376\377\000H\000A\000L\000-\000C\000M\000S\000I\000S\000\040\000R\000T\000O\000S}{chapter.8}% 55
\BOOKMARK [1][-]{section.8.7}{\376\377\000F\000u\000e\000n\000t\000e}{chapter.8}% 56
\BOOKMARK [1][-]{section.8.8}{\376\377\000D\000e\000p\000e\000n\000d\000e\000n\000c\000i\000a\000s\000\040\000d\000e\000\040\000s\000o\000f\000t\000w\000a\000r\000e}{chapter.8}% 57
\BOOKMARK [1][-]{section.8.9}{\376\377\000P\000r\000e\000g\000u\000n\000t\000a\000s\000\040\000y\000\040\000r\000e\000s\000p\000u\000e\000s\000t\000a\000s\000\040\000s\000o\000b\000r\000e\000\040\000e\000j\000e\000m\000p\000l\000o\000t\000h\000r\000e\000a\000d\000s\000-\000q\000u\000e\000u\000e\000s}{chapter.8}% 58
\BOOKMARK [2][-]{subsection.8.9.1}{\376\377\000\277\000C\000u\000\341\000l\000\040\000e\000s\000\040\000e\000l\000\040\000p\000r\000o\000p\000\363\000s\000i\000t\000o\000\040\000d\000e\000\040\000l\000a\000\040\000c\000o\000l\000a\000\040\000d\000e\000\040\000m\000e\000n\000s\000a\000j\000e\000s\000\040\000i\000d\000\137\000M\000s\000g\000Q\000u\000e\000u\000e\000\040\000e\000n\000\040\000e\000s\000t\000a\000\040\000a\000p\000l\000i\000c\000a\000c\000i\000\363\000n\000?}{section.8.9}% 59
\BOOKMARK [2][-]{subsection.8.9.2}{\376\377\000\277\000Q\000u\000\351\000\040\000f\000u\000n\000c\000i\000\363\000n\000\040\000c\000u\000m\000p\000l\000e\000\040\000e\000l\000\040\000b\000u\000c\000l\000e\000\040\000a\000n\000i\000d\000a\000d\000o\000\040\000e\000n\000\040\000e\000l\000\040\000h\000i\000l\000o\000\040\000P\000r\000o\000d\000u\000c\000e\000r\000?}{section.8.9}% 60
\BOOKMARK [2][-]{subsection.8.9.3}{\376\377\000\277\000C\000u\000a\000n\000t\000o\000\040\000t\000i\000e\000m\000p\000o\000\040\000t\000a\000r\000d\000a\000\040\000e\000n\000\040\000l\000l\000e\000n\000a\000r\000s\000e\000\040\000l\000a\000\040\000c\000o\000l\000a\000\040\000d\000e\000\040\000m\000e\000n\000s\000a\000j\000e\000s\000\040\000i\000d\000\137\000M\000s\000g\000Q\000u\000e\000u\000e\000?}{section.8.9}% 61
\BOOKMARK [2][-]{subsection.8.9.4}{\376\377\000\277\000c\000u\000a\000n\000t\000o\000\040\000v\000a\000l\000e\000\040\000l\000a\000\040\000v\000a\000r\000i\000a\000b\000l\000e\000\040\000e\000r\000r\000o\000r\000s\000\137\000o\000r\000\137\000t\000i\000m\000e\000o\000u\000t\000s\000\040\000d\000e\000s\000p\000u\000e\000s\000\040\000d\000e\000\040\0001\000\040\000m\000i\000n\000u\000t\000o\000\040\000d\000e\000\040\000e\000j\000e\000c\000u\000c\000i\000\363\000n\000\040\000d\000e\000l\000\040\000c\000\363\000d\000i\000g\000o\000?}{section.8.9}% 62
\BOOKMARK [0][-]{chapter.9}{\376\377\000U\000s\000o\000\040\000b\000\341\000s\000i\000c\000o\000\040\000d\000e\000\040\000t\000h\000r\000e\000a\000d\000s\000\040\000y\000\040\000f\000l\000a\000g\000s\000\040\000e\000n\000\040\000C\000M\000S\000I\000S\000\040\000R\000T\000O\000S\000\040\000v\0002}{}% 63
\BOOKMARK [1][-]{section.9.1}{\376\377\000D\000e\000s\000c\000r\000i\000p\000c\000i\000\363\000n}{chapter.9}% 64
\BOOKMARK [1][-]{section.9.2}{\376\377\000F\000u\000n\000c\000i\000\363\000n\000\040\000d\000e\000l\000\040\000h\000i\000l\000o\000\040\000P\000r\000o\000d\000u\000c\000e\000r}{chapter.9}% 65
\BOOKMARK [1][-]{section.9.3}{\376\377\000F\000u\000n\000c\000i\000\363\000n\000\040\000d\000e\000l\000\040\000h\000i\000l\000o\000\040\000C\000o\000n\000s\000u\000m\000e\000r}{chapter.9}% 66
\BOOKMARK [1][-]{section.9.4}{\376\377\000H\000A\000L\000\040\000y\000\040\000C\000M\000S\000I\000S\000\040\000R\000T\000O\000S}{chapter.9}% 67
\BOOKMARK [1][-]{section.9.5}{\376\377\000C\000\363\000d\000i\000g\000o\000\040\000a\000p\000l\000i\000c\000a\000c\000i\000\363\000n}{chapter.9}% 68
\BOOKMARK [1][-]{section.9.6}{\376\377\000D\000e\000p\000e\000n\000d\000e\000n\000c\000i\000a\000s\000\040\000d\000e\000\040\000s\000o\000f\000t\000w\000a\000r\000e\000\040\000d\000e\000l\000\040\000e\000j\000e\000m\000p\000l\000o}{chapter.9}% 69
\BOOKMARK [1][-]{section.9.7}{\376\377\000P\000r\000e\000g\000u\000n\000t\000a\000s\000\040\000y\000\040\000r\000e\000s\000p\000u\000e\000s\000t\000a\000s\000\040\000s\000o\000b\000r\000e\000\040\000e\000j\000e\000m\000p\000l\000o\000t\000h\000r\000e\000a\000d\000s\000-\000f\000l\000a\000g\000s}{chapter.9}% 70
\BOOKMARK [2][-]{subsection.9.7.1}{\376\377\000S\000e\000\040\000m\000o\000d\000i\000f\000i\000c\000a\000\040\000e\000l\000\040\000c\000\363\000d\000i\000g\000o\000\040\000d\000e\000l\000\040\000P\000r\000o\000d\000u\000c\000e\000r\000\040\000p\000a\000r\000a\000\040\000q\000u\000e\000\040\000e\000n\000v\000\355\000e\000\040\000a\000m\000b\000a\000s\000\040\000s\000e\000\361\000a\000l\000e\000s\000\040\000\050\0000\000x\0000\0000\0000\0001\000\040\000y\000\040\0000\000x\0000\0000\0000\0002\000\051\000\040\000d\000e\000\040\000f\000o\000r\000m\000a\000\040\000c\000a\000s\000i\000\040\000s\000i\000m\000u\000l\000t\000\341\000n\000e\000a\000,\000\040\000s\000e\000g\000u\000i\000d\000o\000\040\000d\000e\000\040\000u\000n\000\040\000d\000e\000l\000a\000y\000\040\000d\000e\000\040\0001\000\040\000s\000e\000g\000u\000n\000d\000o\000:}{section.9.7}% 71
\BOOKMARK [0][-]{chapter.10}{\376\377\000U\000s\000o\000\040\000b\000\341\000s\000i\000c\000o\000\040\000d\000e\000\040\000t\000h\000r\000e\000a\000d\000s\000\040\000y\000\040\000s\000o\000f\000t\000w\000a\000r\000e\000\040\000t\000i\000m\000e\000r\000s\000\040\000e\000n\000\040\000C\000M\000S\000I\000S\000\040\000R\000T\000O\000S\000\040\000v\0002}{}% 72
\BOOKMARK [1][-]{section.10.1}{\376\377\000D\000e\000s\000c\000r\000i\000p\000c\000i\000\363\000n\000\040\000G\000e\000n\000e\000r\000a\000l}{chapter.10}% 73
\BOOKMARK [1][-]{section.10.2}{\376\377\000F\000u\000n\000c\000i\000\363\000n\000\040\000d\000e\000l\000\040\000H\000i\000l\000o\000\040\000T\000i\000m\000e\000r\000s}{chapter.10}% 74
\BOOKMARK [1][-]{section.10.3}{\376\377\000U\000s\000o\000\040\000d\000e\000\040\000H\000A\000L\000\040\000y\000\040\000C\000M\000S\000I\000S\000\040\000R\000T\000O\000S}{chapter.10}% 75
\BOOKMARK [1][-]{section.10.4}{\376\377\000C\000\363\000d\000i\000g\000o\000\040\000e\000s\000p\000e\000c\000\355\000f\000i\000c\000o}{chapter.10}% 76
\BOOKMARK [1][-]{section.10.5}{\376\377\000D\000e\000p\000e\000n\000d\000e\000n\000c\000i\000a}{chapter.10}% 77
\BOOKMARK [1][-]{section.10.6}{\376\377\000P\000r\000e\000g\000u\000n\000t\000a\000s\000\040\000y\000\040\000r\000e\000s\000p\000u\000e\000s\000t\000a\000s\000\040\000s\000o\000b\000r\000e\000\040\000e\000j\000e\000m\000p\000l\000o\000t\000h\000r\000e\000a\000d\000s\000-\000t\000i\000m\000e\000r\000s}{chapter.10}% 78
\BOOKMARK [2][-]{subsection.10.6.1}{\376\377\000\277\000C\000u\000a\000l\000\040\000e\000s\000\040\000l\000a\000\040\000d\000i\000f\000e\000r\000e\000n\000c\000i\000a\000\040\000f\000u\000n\000d\000a\000m\000e\000n\000t\000a\000l\000\040\000e\000n\000t\000r\000e\000\040\000u\000n\000\040\000t\000i\000m\000e\000r\000\040\000p\000e\000r\000i\000\363\000d\000i\000c\000o\000\040\000o\000t\000r\000o\000\040\000o\000n\000e\000-\000s\000h\000o\000t\000?}{section.10.6}% 79
\BOOKMARK [2][-]{subsection.10.6.2}{\376\377\000L\000o\000s\000\040\000f\000i\000c\000h\000e\000r\000o\000s\000\040\000R\000T\000X\000\137\000c\000o\000n\000f\000i\000g\000.\000h\000\040\000y\000\040\000R\000T\000X\000\137\000c\000o\000n\000f\000i\000g\000.\000c\000\040\000s\000o\000n\000\040\000g\000e\000n\000e\000r\000a\000d\000o\000s\000\040\000a\000u\000t\000o\000m\000\341\000t\000i\000c\000a\000m\000e\000n\000t\000e\000\040\000p\000o\000r\000\040\000e\000l\000\040\000e\000n\000t\000o\000r\000n\000o\000\040\000d\000e\000\040\000d\000e\000s\000a\000r\000r\000o\000l\000l\000o\000.\000\040\000\277\000S\000e\000\040\000p\000u\000e\000d\000e\000n\000\040\000m\000o\000d\000i\000f\000i\000c\000a\000r\000?}{section.10.6}% 80
\BOOKMARK [2][-]{subsection.10.6.3}{\376\377\000S\000i\000\040\000s\000e\000\040\000f\000i\000j\000a\000\040\000u\000n\000\040\000p\000u\000n\000t\000o\000\040\000d\000e\000\040\000r\000u\000p\000t\000u\000r\000a\000\040\000e\000n\000\040\000l\000a\000\040\000l\000\355\000n\000e\000a\000\040\0004\0007\000,\000\040\000\277\000q\000u\000\351\000\040\000s\000e\000\040\000e\000s\000p\000e\000r\000a\000\040\000v\000e\000r\000\040\000e\000n\000\040\000e\000l\000\040\000W\000a\000t\000c\000h\000\040\000W\000i\000n\000d\000o\000w\000s\000-\000>\000R\000T\000X\000\040\000R\000T\000O\000S\000?}{section.10.6}% 81
